SonarQube plugins:
  - Python Code Quality and Security 3.15.1.9817 (python)
  - Go Code Quality and Security 1.10.0.3710 (go)
  - JaCoCo 1.1.1.1157 (jacoco)
  - Kotlin Code Quality and Security 2.10.0.1456 (kotlin)
  - IaC Code Quality and Security 1.9.2.2279 (iac)
  - JavaScript/TypeScript/CSS Code Quality and Security 9.6.0.18814 (javascript)
  - Ruby Code Quality and Security 1.10.0.3710 (ruby)
  - Scala Code Quality and Security 1.10.0.3710 (sonarscala)
  - C# Code Quality and Security 8.43.0.51858 (csharp)
  - Java Code Quality and Security 7.13.0.29990 (java)
  - HTML Code Quality and Security 3.6.0.3106 (web)
  - Flex Code Quality and Security 2.7.0.2865 (flex)
  - XML Code Quality and Security 2.5.0.3376 (xml)
  - PHP Code Quality and Security 3.24.0.8949 (php)
  - Text file Code Quality and Security 1.1.0.282 (text)
  - VB.NET Code Quality and Security 8.43.0.51858 (vbnet)
  - Configuration detection fot Code Quality and Security 1.2.0.267 (config)
Global server settings:
  - sonar.core.id=147B411E-AYNW0m4LiW8OMHUnHAqK
  - sonar.core.startTime=2022-09-19T17:40:03+0000
  - sonar.forceAuthentication=true
Project server settings:
Project scanner properties:
  - sonar.host.url=http://localhost:9000
  - sonar.login=******
  - sonar.projectBaseDir=/Users/gorkaetxebarriaatutxa/Documents/Web-engineering/css_selectors_combinators_exercise
  - sonar.projectKey=que-funciones-ostia
  - sonar.scanner.app=ScannerCLI
  - sonar.scanner.appVersion=4.7.0.2747
  - sonar.sourceEncoding=UTF-8
  - sonar.sources=.
  - sonar.working.directory=/Users/gorkaetxebarriaatutxa/Documents/Web-engineering/css_selectors_combinators_exercise/.scannerwork
